# JRE version: Java(TM) SE Runtime Environment (21.0.2+13) (build 21.0.2+13-LTS-58)
# Java VM: Java HotSpot(TM) 64-Bit Server VM (21.0.2+13-LTS-58, mixed mode, sharing, tiered, compressed oops, compressed class ptrs, g1 gc, windows-amd64)
GC Precious Log:
 CardTable entry size: 512
 Card Set container configuration: InlinePtr #cards 4 size 8 Array Of Cards #cards 32 size 80 Howl #buckets 8 coarsen threshold 7372 Howl Bitmap #cards 1024 size 144 coarsen threshold 921 Card regions per heap region 1 cards per card region 8192
 CPUs: 20 total, 20 available
 Memory: 24280M
 Large Page Support: Disabled
 NUMA Support: Disabled
 Compressed Oops: Enabled (Zero based)
 Heap Region Size: 4M
 Heap Min Capacity: 8M
 Heap Initial Capacity: 380M
 Heap Max Capacity: 6072M
 Pre-touch: Disabled
 Parallel Workers: 15
 Concurrent Workers: 4
 Concurrent Refinement Workers: 15
 Periodic GC: Disabled
Heap:
 garbage-first heap   total 241664K, used 122379K [0x0000000684800000, 0x0000000800000000)
  region size 4096K, 24 young (98304K), 3 survivors (12288K)
 Metaspace       used 35182K, committed 35712K, reserved 1114112K
  class space    used 3834K, committed 4096K, reserved 1048576K
GC Heap History (16 events):
Event: 0.353 GC heap before
{Heap before GC invocations=0 (full 0):
 garbage-first heap   total 389120K, used 16384K [0x0000000684800000, 0x0000000800000000)
  region size 4096K, 5 young (20480K), 0 survivors (0K)
 Metaspace       used 5982K, committed 6080K, reserved 1114112K
  class space    used 668K, committed 704K, reserved 1048576K
}
Event: 0.356 GC heap after
{Heap after GC invocations=1 (full 0):
 garbage-first heap   total 389120K, used 3927K [0x0000000684800000, 0x0000000800000000)
  region size 4096K, 1 young (4096K), 1 survivors (4096K)
 Metaspace       used 5982K, committed 6080K, reserved 1114112K
  class space    used 668K, committed 704K, reserved 1048576K
}
Event: 0.681 GC heap before
{Heap before GC invocations=1 (full 0):
 garbage-first heap   total 389120K, used 28503K [0x0000000684800000, 0x0000000800000000)
  region size 4096K, 8 young (32768K), 1 survivors (4096K)
 Metaspace       used 9114K, committed 9280K, reserved 1114112K
  class space    used 1032K, committed 1088K, reserved 1048576K
}
Event: 0.689 GC heap after
{Heap after GC invocations=2 (full 0):
 garbage-first heap   total 389120K, used 5130K [0x0000000684800000, 0x0000000800000000)
  region size 4096K, 1 young (4096K), 1 survivors (4096K)
 Metaspace       used 9114K, committed 9280K, reserved 1114112K
  class space    used 1032K, committed 1088K, reserved 1048576K
}
Event: 2.253 GC heap before
{Heap before GC invocations=2 (full 0):
 garbage-first heap   total 389120K, used 103434K [0x0000000684800000, 0x0000000800000000)
  region size 4096K, 27 young (110592K), 1 survivors (4096K)
 Metaspace       used 21214K, committed 21504K, reserved 1114112K
  class space    used 2410K, committed 2560K, reserved 1048576K
}
Event: 2.268 GC heap after
{Heap after GC invocations=3 (full 0):
 garbage-first heap   total 389120K, used 12687K [0x0000000684800000, 0x0000000800000000)
  region size 4096K, 3 young (12288K), 3 survivors (12288K)
 Metaspace       used 21214K, committed 21504K, reserved 1114112K
  class space    used 2410K, committed 2560K, reserved 1048576K
}
Event: 2.788 GC heap before
{Heap before GC invocations=4 (full 0):
 garbage-first heap   total 69632K, used 65935K [0x0000000684800000, 0x0000000800000000)
  region size 4096K, 16 young (65536K), 3 survivors (12288K)
 Metaspace       used 27170K, committed 27456K, reserved 1114112K
  class space    used 3025K, committed 3136K, reserved 1048576K
}
Event: 2.797 GC heap after
{Heap after GC invocations=5 (full 0):
 garbage-first heap   total 94208K, used 27943K [0x0000000684800000, 0x0000000800000000)
  region size 4096K, 6 young (24576K), 6 survivors (24576K)
 Metaspace       used 27170K, committed 27456K, reserved 1114112K
  class space    used 3025K, committed 3136K, reserved 1048576K
}
Event: 2.911 GC heap before
{Heap before GC invocations=5 (full 0):
 garbage-first heap   total 94208K, used 56615K [0x0000000684800000, 0x0000000800000000)
  region size 4096K, 13 young (53248K), 6 survivors (24576K)
 Metaspace       used 27545K, committed 27904K, reserved 1114112K
  class space    used 3040K, committed 3200K, reserved 1048576K
}
Event: 2.923 GC heap after
{Heap after GC invocations=6 (full 0):
 garbage-first heap   total 94208K, used 33466K [0x0000000684800000, 0x0000000800000000)
  region size 4096K, 2 young (8192K), 2 survivors (8192K)
 Metaspace       used 27545K, committed 27904K, reserved 1114112K
  class space    used 3040K, committed 3200K, reserved 1048576K
}
Event: 3.312 GC heap before
{Heap before GC invocations=6 (full 0):
 garbage-first heap   total 94208K, used 70330K [0x0000000684800000, 0x0000000800000000)
  region size 4096K, 11 young (45056K), 2 survivors (8192K)
 Metaspace       used 29066K, committed 29504K, reserved 1114112K
  class space    used 3193K, committed 3392K, reserved 1048576K
}
Event: 3.318 GC heap after
{Heap after GC invocations=7 (full 0):
 garbage-first heap   total 94208K, used 34646K [0x0000000684800000, 0x0000000800000000)
  region size 4096K, 2 young (8192K), 2 survivors (8192K)
 Metaspace       used 29066K, committed 29504K, reserved 1114112K
  class space    used 3193K, committed 3392K, reserved 1048576K
}
Event: 3.506 GC heap before
{Heap before GC invocations=7 (full 0):
 garbage-first heap   total 94208K, used 71510K [0x0000000684800000, 0x0000000800000000)
  region size 4096K, 11 young (45056K), 2 survivors (8192K)
 Metaspace       used 29813K, committed 30208K, reserved 1114112K
  class space    used 3271K, committed 3456K, reserved 1048576K
}
Event: 3.513 GC heap after
{Heap after GC invocations=8 (full 0):
 garbage-first heap   total 241664K, used 35352K [0x0000000684800000, 0x0000000800000000)
  region size 4096K, 1 young (4096K), 1 survivors (4096K)
 Metaspace       used 29813K, committed 30208K, reserved 1114112K
  class space    used 3271K, committed 3456K, reserved 1048576K
}
Event: 4.752 GC heap before
{Heap before GC invocations=8 (full 0):
 garbage-first heap   total 241664K, used 170520K [0x0000000684800000, 0x0000000800000000)
  region size 4096K, 35 young (143360K), 1 survivors (4096K)
 Metaspace       used 32758K, committed 33216K, reserved 1114112K
  class space    used 3560K, committed 3776K, reserved 1048576K
}
Event: 4.768 GC heap after
{Heap after GC invocations=9 (full 0):
 garbage-first heap   total 241664K, used 40459K [0x0000000684800000, 0x0000000800000000)
  region size 4096K, 3 young (12288K), 3 survivors (12288K)
 Metaspace       used 32758K, committed 33216K, reserved 1114112K
  class space    used 3560K, committed 3776K, reserved 1048576K
}

